# JRE version: OpenJDK Runtime Environment (8.0_152-b01) (build 1.8.0_152-release-1343-b01)
# Java VM: OpenJDK 64-Bit Server VM (25.152-b01 mixed mode windows-amd64 compressed oops)
Heap:
 PSYoungGen      total 1150464K, used 838695K [0x000000076ab00000, 0x00000007bee80000, 0x00000007c0000000)
  eden space 934400K, 84% used [0x000000076ab00000,0x000000079af12988,0x00000007a3b80000)
  from space 216064K, 22% used [0x00000007b1b80000,0x00000007b4a77530,0x00000007bee80000)
  to   space 222720K, 0% used [0x00000007a3b80000,0x00000007a3b80000,0x00000007b1500000)
 ParOldGen       total 486912K, used 256174K [0x00000006c0000000, 0x00000006ddb80000, 0x000000076ab00000)
  object space 486912K, 52% used [0x00000006c0000000,0x00000006cfa2b870,0x00000006ddb80000)
 Metaspace       used 132380K, capacity 145681K, committed 145944K, reserved 1175552K
  class space    used 16461K, capacity 19135K, committed 19248K, reserved 1048576K
GC Heap History (10 events):
Event: 1729.974 GC heap before
{Heap before GC invocations=46 (full 4):
 PSYoungGen      total 1140736K, used 956170K [0x000000076ab00000, 0x00000007c0000000, 0x00000007c0000000)
  eden space 900096K, 100% used [0x000000076ab00000,0x00000007a1a00000,0x00000007a1a00000)
  from space 240640K, 23% used [0x00000007a1a00000,0x00000007a50c2ac0,0x00000007b0500000)
  to   space 239616K, 0% used [0x00000007b1600000,0x00000007b1600000,0x00000007c0000000)
 ParOldGen       total 486912K, used 244263K [0x00000006c0000000, 0x00000006ddb80000, 0x000000076ab00000)
  object space 486912K, 50% used [0x00000006c0000000,0x00000006cee89e48,0x00000006ddb80000)
 Metaspace       used 129649K, capacity 141687K, committed 141848K, reserved 1173504K
  class space    used 16203K, capacity 18709K, committed 18736K, reserved 1048576K
Event: 1729.995 GC heap after
Heap after GC invocations=46 (full 4):
 PSYoungGen      total 1153024K, used 23665K [0x000000076ab00000, 0x00000007c0000000, 0x00000007c0000000)
  eden space 913408K, 0% used [0x000000076ab00000,0x000000076ab00000,0x00000007a2700000)
  from space 239616K, 9% used [0x00000007b1600000,0x00000007b2d1c4a0,0x00000007c0000000)
  to   space 242176K, 0% used [0x00000007a2700000,0x00000007a2700000,0x00000007b1380000)
 ParOldGen       total 486912K, used 255910K [0x00000006c0000000, 0x00000006ddb80000, 0x000000076ab00000)
  object space 486912K, 52% used [0x00000006c0000000,0x00000006cf9e9860,0x00000006ddb80000)
 Metaspace       used 129649K, capacity 141687K, committed 141848K, reserved 1173504K
  class space    used 16203K, capacity 18709K, committed 18736K, reserved 1048576K
}
Event: 1791.688 GC heap before
{Heap before GC invocations=47 (full 4):
 PSYoungGen      total 1153024K, used 937073K [0x000000076ab00000, 0x00000007c0000000, 0x00000007c0000000)
  eden space 913408K, 100% used [0x000000076ab00000,0x00000007a2700000,0x00000007a2700000)
  from space 239616K, 9% used [0x00000007b1600000,0x00000007b2d1c4a0,0x00000007c0000000)
  to   space 242176K, 0% used [0x00000007a2700000,0x00000007a2700000,0x00000007b1380000)
 ParOldGen       total 486912K, used 255910K [0x00000006c0000000, 0x00000006ddb80000, 0x000000076ab00000)
  object space 486912K, 52% used [0x00000006c0000000,0x00000006cf9e9860,0x00000006ddb80000)
 Metaspace       used 130198K, capacity 142775K, committed 143000K, reserved 1173504K
  class space    used 16279K, capacity 18847K, committed 18864K, reserved 1048576K
Event: 1791.735 GC heap after
Heap after GC invocations=47 (full 4):
 PSYoungGen      total 1007616K, used 94012K [0x000000076ab00000, 0x00000007beb80000, 0x00000007c0000000)
  eden space 913408K, 0% used [0x000000076ab00000,0x000000076ab00000,0x00000007a2700000)
  from space 94208K, 99% used [0x00000007a2700000,0x00000007a82cf1d0,0x00000007a8300000)
  to   space 230400K, 0% used [0x00000007b0a80000,0x00000007b0a80000,0x00000007beb80000)
 ParOldGen       total 486912K, used 256046K [0x00000006c0000000, 0x00000006ddb80000, 0x000000076ab00000)
  object space 486912K, 52% used [0x00000006c0000000,0x00000006cfa0b860,0x00000006ddb80000)
 Metaspace       used 130198K, capacity 142775K, committed 143000K, reserved 1173504K
  class space    used 16279K, capacity 18847K, committed 18864K, reserved 1048576K
}
Event: 2078.389 GC heap before
{Heap before GC invocations=48 (full 4):
 PSYoungGen      total 1007616K, used 1007420K [0x000000076ab00000, 0x00000007beb80000, 0x00000007c0000000)
  eden space 913408K, 100% used [0x000000076ab00000,0x00000007a2700000,0x00000007a2700000)
  from space 94208K, 99% used [0x00000007a2700000,0x00000007a82cf1d0,0x00000007a8300000)
  to   space 230400K, 0% used [0x00000007b0a80000,0x00000007b0a80000,0x00000007beb80000)
 ParOldGen       total 486912K, used 256046K [0x00000006c0000000, 0x00000006ddb80000, 0x000000076ab00000)
  object space 486912K, 52% used [0x00000006c0000000,0x00000006cfa0b860,0x00000006ddb80000)
 Metaspace       used 130442K, capacity 143055K, committed 143256K, reserved 1173504K
  class space    used 16288K, capacity 18861K, committed 18864K, reserved 1048576K
Event: 2078.401 GC heap after
Heap after GC invocations=48 (full 4):
 PSYoungGen      total 1143296K, used 11777K [0x000000076ab00000, 0x00000007c0000000, 0x00000007c0000000)
  eden space 912896K, 0% used [0x000000076ab00000,0x000000076ab00000,0x00000007a2680000)
  from space 230400K, 5% used [0x00000007b0a80000,0x00000007b16004c0,0x00000007beb80000)
  to   space 233472K, 0% used [0x00000007a2680000,0x00000007a2680000,0x00000007b0a80000)
 ParOldGen       total 486912K, used 256158K [0x00000006c0000000, 0x00000006ddb80000, 0x000000076ab00000)
  object space 486912K, 52% used [0x00000006c0000000,0x00000006cfa27870,0x00000006ddb80000)
 Metaspace       used 130442K, capacity 143055K, committed 143256K, reserved 1173504K
  class space    used 16288K, capacity 18861K, committed 18864K, reserved 1048576K
}
Event: 2253.887 GC heap before
{Heap before GC invocations=49 (full 4):
 PSYoungGen      total 1143296K, used 924673K [0x000000076ab00000, 0x00000007c0000000, 0x00000007c0000000)
  eden space 912896K, 100% used [0x000000076ab00000,0x00000007a2680000,0x00000007a2680000)
  from space 230400K, 5% used [0x00000007b0a80000,0x00000007b16004c0,0x00000007beb80000)
  to   space 233472K, 0% used [0x00000007a2680000,0x00000007a2680000,0x00000007b0a80000)
 ParOldGen       total 486912K, used 256158K [0x00000006c0000000, 0x00000006ddb80000, 0x000000076ab00000)
  object space 486912K, 52% used [0x00000006c0000000,0x00000006cfa27870,0x00000006ddb80000)
 Metaspace       used 130934K, capacity 143775K, committed 143896K, reserved 1173504K
  class space    used 16329K, capacity 18917K, committed 18992K, reserved 1048576K
Event: 2253.909 GC heap after
Heap after GC invocations=49 (full 4):
 PSYoungGen      total 1146368K, used 35265K [0x000000076ab00000, 0x00000007bfc00000, 0x00000007c0000000)
  eden space 912896K, 0% used [0x000000076ab00000,0x000000076ab00000,0x00000007a2680000)
  from space 233472K, 15% used [0x00000007a2680000,0x00000007a48f04e0,0x00000007b0a80000)
  to   space 229888K, 0% used [0x00000007b1b80000,0x00000007b1b80000,0x00000007bfc00000)
 ParOldGen       total 486912K, used 256166K [0x00000006c0000000, 0x00000006ddb80000, 0x000000076ab00000)
  object space 486912K, 52% used [0x00000006c0000000,0x00000006cfa29870,0x00000006ddb80000)
 Metaspace       used 130934K, capacity 143775K, committed 143896K, reserved 1173504K
  class space    used 16329K, capacity 18917K, committed 18992K, reserved 1048576K
}
Event: 2320.274 GC heap before
{Heap before GC invocations=50 (full 4):
 PSYoungGen      total 1146368K, used 948161K [0x000000076ab00000, 0x00000007bfc00000, 0x00000007c0000000)
  eden space 912896K, 100% used [0x000000076ab00000,0x00000007a2680000,0x00000007a2680000)
  from space 233472K, 15% used [0x00000007a2680000,0x00000007a48f04e0,0x00000007b0a80000)
  to   space 229888K, 0% used [0x00000007b1b80000,0x00000007b1b80000,0x00000007bfc00000)
 ParOldGen       total 486912K, used 256166K [0x00000006c0000000, 0x00000006ddb80000, 0x000000076ab00000)
  object space 486912K, 52% used [0x00000006c0000000,0x00000006cfa29870,0x00000006ddb80000)
 Metaspace       used 131170K, capacity 144159K, committed 144408K, reserved 1175552K
  class space    used 16347K, capacity 18949K, committed 18992K, reserved 1048576K
Event: 2320.301 GC heap after
Heap after GC invocations=50 (full 4):
 PSYoungGen      total 1150464K, used 48093K [0x000000076ab00000, 0x00000007bee80000, 0x00000007c0000000)
  eden space 934400K, 0% used [0x000000076ab00000,0x000000076ab00000,0x00000007a3b80000)
  from space 216064K, 22% used [0x00000007b1b80000,0x00000007b4a77530,0x00000007bee80000)
  to   space 222720K, 0% used [0x00000007a3b80000,0x00000007a3b80000,0x00000007b1500000)
 ParOldGen       total 486912K, used 256174K [0x00000006c0000000, 0x00000006ddb80000, 0x000000076ab00000)
  object space 486912K, 52% used [0x00000006c0000000,0x00000006cfa2b870,0x00000006ddb80000)
 Metaspace       used 131170K, capacity 144159K, committed 144408K, reserved 1175552K
  class space    used 16347K, capacity 18949K, committed 18992K, reserved 1048576K
}

